  Compiling CUDA source file kernel.cu...
  
  C:\Users\captain3060\Projects\PBL7_DUT_ECC_CUDA\rs_cuda\rs_cuda>"C:\Program Files\NVIDIA GPU Computing Toolkit\CUDA\v11.8\bin\nvcc.exe" -gencode=arch=compute_86,code=\"sm_86,compute_86\" --use-local-env -ccbin "C:\Program Files (x86)\Microsoft Visual Studio\2019\Professional\VC\Tools\MSVC\14.29.30133\bin\HostX86\x64" -x cu -rdc=true  -I"C:\Program Files\NVIDIA GPU Computing Toolkit\CUDA\v11.8\include" -I"C:\Program Files\NVIDIA GPU Computing Toolkit\CUDA\v11.8\include"  -G   --keep-dir x64\Debug  -maxrregcount=0  --machine 64 --compile -cudart static  -g  -DWIN32 -DWIN64 -D_DEBUG -D_CONSOLE -D_MBCS -Xcompiler "/EHsc /W3 /nologo /Od /Fdx64\Debug\vc142.pdb /FS /Zi /RTC1 /MDd " -o C:\Users\captain3060\Projects\PBL7_DUT_ECC_CUDA\rs_cuda\rs_cuda\x64\Debug\kernel.cu.obj "C:\Users\captain3060\Projects\PBL7_DUT_ECC_CUDA\rs_cuda\rs_cuda\kernel.cu" 
C:\Users\captain3060\Projects\PBL7_DUT_ECC_CUDA\rs_cuda\rs_cuda\kernel.cu(319): warning #177-D: variable "size_nc" was declared but never referenced
  
C:\Users\captain3060\Projects\PBL7_DUT_ECC_CUDA\rs_cuda\rs_cuda\kernel.cu(76): warning #177-D: variable "SIZE_LARGE" was declared but never referenced
  
C:\Users\captain3060\Projects\PBL7_DUT_ECC_CUDA\rs_cuda\rs_cuda\kernel.cu(109): warning #177-D: variable "LEN_WARP" was declared but never referenced
  
C:\Users\captain3060\Projects\PBL7_DUT_ECC_CUDA\rs_cuda\rs_cuda\kernel.cu(110): warning #177-D: variable "ALGO_N_2_CUTOFF" was declared but never referenced
  
  kernel.cu
C:\Users\captain3060\Projects\PBL7_DUT_ECC_CUDA\rs_cuda\rs_cuda\kernel.cu(746): warning C4244: 'argument': conversion from 'time_t' to 'unsigned int', possible loss of data
C:\Users\captain3060\Projects\PBL7_DUT_ECC_CUDA\rs_cuda\rs_cuda\kernel.cu(798): warning C4244: 'argument': conversion from 'time_t' to 'unsigned int', possible loss of data
C:\Users\captain3060\Projects\PBL7_DUT_ECC_CUDA\rs_cuda\rs_cuda\kernel.cu(856): warning C4244: 'argument': conversion from 'time_t' to 'unsigned int', possible loss of data
C:\Users\captain3060\Projects\PBL7_DUT_ECC_CUDA\rs_cuda\rs_cuda\kernel.cu(956): warning C4244: 'argument': conversion from 'time_t' to 'unsigned int', possible loss of data
  
  C:\Users\captain3060\Projects\PBL7_DUT_ECC_CUDA\rs_cuda\rs_cuda>"C:\Program Files\NVIDIA GPU Computing Toolkit\CUDA\v11.8\bin\nvcc.exe" -dlink -o x64\Debug\rs_cuda.device-link.obj -Xcompiler "/EHsc /W3 /nologo /Od /Fdx64\Debug\vc142.pdb /Zi /RTC1 /MDd " -L"C:\Program Files\NVIDIA GPU Computing Toolkit\CUDA\v11.8\bin/crt" -L"C:\Program Files\NVIDIA GPU Computing Toolkit\CUDA\v11.8\lib\x64" cudadevrt.lib cudart_static.lib kernel32.lib user32.lib gdi32.lib winspool.lib comdlg32.lib advapi32.lib shell32.lib ole32.lib oleaut32.lib uuid.lib odbc32.lib odbccp32.lib cudart.lib  -gencode=arch=compute_86,code=sm_86 -G --machine 64 C:\Users\captain3060\Projects\PBL7_DUT_ECC_CUDA\rs_cuda\rs_cuda\x64\Debug\kernel.cu.obj 
  cudadevrt.lib
  cudart_static.lib
  kernel32.lib
  user32.lib
  gdi32.lib
  winspool.lib
  comdlg32.lib
  advapi32.lib
  shell32.lib
  ole32.lib
  oleaut32.lib
  uuid.lib
  odbc32.lib
  odbccp32.lib
  cudart.lib
  kernel.cu.obj
     Creating library C:\Users\captain3060\Projects\PBL7_DUT_ECC_CUDA\rs_cuda\x64\Debug\rs_cuda.lib and object C:\Users\captain3060\Projects\PBL7_DUT_ECC_CUDA\rs_cuda\x64\Debug\rs_cuda.exp
LINK : warning LNK4098: defaultlib 'LIBCMT' conflicts with use of other libs; use /NODEFAULTLIB:library
  rs_cuda.vcxproj -> C:\Users\captain3060\Projects\PBL7_DUT_ECC_CUDA\rs_cuda\x64\Debug\rs_cuda.exe
